<?xml version="1.0" encoding="UTF-8"?>
<testsuite name="com.example.TestsAddressbook.tests.DeletedTestGroup" tests="1" skipped="0" failures="0" errors="0" timestamp="2026-01-22T12:16:10.947Z" hostname="RA_GIMADEYEV" time="0.388">
  <properties/>
  <testcase name="DeletedTestGroup" classname="com.example.TestsAddressbook.tests.DeletedTestGroup" time="0.388"/>
  <system-out><![CDATA[РќР°С‡Р°Р» СЂР°Р±РѕС‚Р°С‚СЊ
Hibernate: 
    select
        groupdata0_.group_id as group_id1_1_,
        groupdata0_.group_footer as group_fo2_1_,
        groupdata0_.group_header as group_he3_1_,
        groupdata0_.group_name as group_na4_1_ 
    from
        group_list groupdata0_ 
    where
        deprecated='0000-00-00 00:00:00'
РќР°С‡Р°Р» СЂР°Р±РѕС‚Р°С‚СЊ
Hibernate: 
    select
        groupdata0_.group_id as group_id1_1_,
        groupdata0_.group_footer as group_fo2_1_,
        groupdata0_.group_header as group_he3_1_,
        groupdata0_.group_name as group_na4_1_ 
    from
        group_list groupdata0_ 
    where
        deprecated='0000-00-00 00:00:00'
]]></system-out>
  <system-err><![CDATA[]]></system-err>
</testsuite>
