<?xml version="1.0" encoding="UTF-8"?>
<testsuite name="com.example.TestsAddressbook.tests.CreateTestContact" tests="4" skipped="0" failures="0" errors="0" timestamp="2026-02-16T10:47:33.990Z" hostname="RA_GIMADEYEV" time="6.696">
  <properties/>
  <testcase name="test[0](ContactData{id=2147483647, firstname='FirstName 0', lastname='LastName 0', email='Email 0', home='null', mobile='Mobile 0', work='null', allPhones='null', group='[GroupData{id=2147483647, name='Test1', header='testGroup', footer='TestFooter'}]', file=null})" classname="com.example.TestsAddressbook.tests.CreateTestContact" time="1.676"/>
  <testcase name="test[1](ContactData{id=2147483647, firstname='FirstName 1', lastname='LastName 1', email='Email 1', home='null', mobile='Mobile 1', work='null', allPhones='null', group='[GroupData{id=2147483647, name='Test1', header='testGroup', footer='TestFooter'}]', file=null})" classname="com.example.TestsAddressbook.tests.CreateTestContact" time="1.621"/>
  <testcase name="test[2](ContactData{id=2147483647, firstname='FirstName 2', lastname='LastName 2', email='Email 2', home='null', mobile='Mobile 2', work='null', allPhones='null', group='[GroupData{id=2147483647, name='Test1', header='testGroup', footer='TestFooter'}]', file=null})" classname="com.example.TestsAddressbook.tests.CreateTestContact" time="1.721"/>
  <testcase name="test[3](ContactData{id=2147483647, firstname='FirstName 3', lastname='LastName 3', email='Email 3', home='null', mobile='Mobile 3', work='null', allPhones='null', group='[GroupData{id=2147483647, name='Test1', header='testGroup', footer='TestFooter'}]', file=null})" classname="com.example.TestsAddressbook.tests.CreateTestContact" time="1.665"/>
  <system-out><![CDATA[Начал работать
Начал работать
Начал работать
Начал работать
]]></system-out>
  <system-err><![CDATA[]]></system-err>
</testsuite>
