<?xml version="1.0" encoding="UTF-8"?>
<testsuite name="com.example.TestsAddressbook.connections.DbConnectionTest" tests="1" skipped="0" failures="0" errors="0" timestamp="2026-01-22T12:19:52.770Z" hostname="RA_GIMADEYEV" time="0.008">
  <properties/>
  <testcase name="testDbConnection" classname="com.example.TestsAddressbook.connections.DbConnectionTest" time="0.008"/>
  <system-out><![CDATA[GroupData{id=366, name='Test1', header='testGroup', footer='TestFooter'}
GroupData{id=378, name='test 0', header='header 0', footer='footer 0'}
GroupData{id=258, name='test 7', header='header 7', footer='footer 7'}
GroupData{id=208, name='test 0', header='header 0', footer='footer 0'}
GroupData{id=336, name='test 0', header='header 0', footer='footer 0'}
GroupData{id=245, name='test 4', header='header 4', footer='footer 4'}
GroupData{id=249, name='test 8', header='header 8', footer='footer 8'}
GroupData{id=369, name='test 0', header='header 0', footer='footer 0'}
GroupData{id=216, name='test 5', header='header 5', footer='footer 5'}
GroupData{id=340, name='test 1', header='header 1', footer='footer 1'}
GroupData{id=266, name='test 5', header='header 5', footer='footer 5'}
GroupData{id=270, name='test 9', header='header 9', footer='footer 9'}
GroupData{id=357, name='test 0', header='header 0', footer='footer 0'}
GroupData{id=295, name='test 0', header='header 0', footer='footer 0'}
GroupData{id=361, name='test 1', header='header 1', footer='footer 1'}
GroupData{id=299, name='test 0', header='header 0', footer='footer 0'}
GroupData{id=365, name='test 2', header='header 2', footer='footer 2'}
GroupData{id=348, name='test 0', header='header 0', footer='footer 0'}
GroupData{id=381, name='test 0', header='header 0', footer='footer 0'}
GroupData{id=352, name='test 1', header='header 1', footer='footer 1'}
GroupData{id=356, name='test 2', header='header 2', footer='footer 2'}
GroupData{id=373, name='test 1', header='header 1', footer='footer 1'}
GroupData{id=344, name='test 2', header='header 2', footer='footer 2'}
GroupData{id=377, name='test 2', header='header 2', footer='footer 2'}
GroupData{id=286, name='test 5', header='header 5', footer='footer 5'}
GroupData{id=290, name='test 9', header='header 9', footer='footer 9'}
GroupData{id=257, name='test 6', header='header 6', footer='footer 6'}
GroupData{id=368, name='test 2', header='header 2', footer='footer 2'}
GroupData{id=219, name='test 8', header='header 8', footer='footer 8'}
GroupData{id=339, name='test 0', header='header 0', footer='footer 0'}
GroupData{id=261, name='test 0', header='header 0', footer='footer 0'}
GroupData{id=269, name='test 8', header='header 8', footer='footer 8'}
GroupData{id=236, name='test 5', header='header 5', footer='footer 5'}
GroupData{id=360, name='test 0', header='header 0', footer='footer 0'}
GroupData{id=364, name='test 1', header='header 1', footer='footer 1'}
GroupData{id=322, name='test 6', header='header 6', footer='footer 6'}
GroupData{id=351, name='test 0', header='header 0', footer='footer 0'}
GroupData{id=355, name='test 1', header='header 1', footer='footer 1'}
GroupData{id=372, name='test 0', header='header 0', footer='footer 0'}
GroupData{id=310, name='test 0', header='header 0', footer='footer 0'}
GroupData{id=343, name='test 1', header='header 1', footer='footer 1'}
GroupData{id=376, name='test 1', header='header 1', footer='footer 1'}
GroupData{id=281, name='test 0', header='header 0', footer='footer 0'}
GroupData{id=289, name='test 8', header='header 8', footer='footer 8'}
GroupData{id=347, name='test 2', header='header 2', footer='footer 2'}
GroupData{id=380, name='test 2', header='header 2', footer='footer 2'}
GroupData{id=256, name='test 5', header='header 5', footer='footer 5'}
GroupData{id=260, name='test 9', header='header 9', footer='footer 9'}
GroupData{id=305, name='test 5', header='header 5', footer='footer 5'}
GroupData{id=309, name='test 9', header='header 9', footer='footer 9'}
GroupData{id=367, name='test 1', header='header 1', footer='footer 1'}
GroupData{id=276, name='test 5', header='header 5', footer='footer 5'}
GroupData{id=280, name='test 9', header='header 9', footer='footer 9'}
GroupData{id=338, name='test 2', header='header 2', footer='footer 2'}
GroupData{id=371, name='test 2', header='header 2', footer='footer 2'}
GroupData{id=359, name='test 2', header='header 2', footer='footer 2'}
GroupData{id=326, name='test 0', header='header 0', footer='footer 0'}
GroupData{id=235, name='test 4', header='header 4', footer='footer 4'}
GroupData{id=239, name='test 8', header='header 8', footer='footer 8'}
GroupData{id=297, name='test 0', header='header 0', footer='footer 0'}
GroupData{id=330, name='test 0', header='header 0', footer='footer 0'}
GroupData{id=363, name='test 0', header='header 0', footer='footer 0'}
GroupData{id=225, name='Test1', header='testGroup', footer='TestFooter'}
GroupData{id=321, name='test 5', header='header 5', footer='footer 5'}
GroupData{id=350, name='test 2', header='header 2', footer='footer 2'}
GroupData{id=353, name='Test1', header='testGroup', footer='TestFooter'}
GroupData{id=226, name='test 5', header='header 5', footer='footer 5'}
GroupData{id=383, name='test 2', header='header 2', footer='footer 2'}
GroupData{id=291, name='Test1', header='testGroup', footer='TestFooter'}
GroupData{id=324, name='Test1', header='testGroup', footer='TestFooter'}
GroupData{id=354, name='test 0', header='header 0', footer='footer 0'}
GroupData{id=342, name='test 0', header='header 0', footer='footer 0'}
GroupData{id=375, name='test 0', header='header 0', footer='footer 0'}
GroupData{id=313, name='test 0', header='header 0', footer='footer 0'}
GroupData{id=346, name='test 1', header='header 1', footer='footer 1'}
GroupData{id=379, name='test 1', header='header 1', footer='footer 1'}
GroupData{id=255, name='test 4', header='header 4', footer='footer 4'}
GroupData{id=259, name='test 8', header='header 8', footer='footer 8'}
]]></system-out>
  <system-err><![CDATA[]]></system-err>
</testsuite>
