<?xml version="1.0" encoding="UTF-8"?>
<testsuite name="com.example.TestsAddressbook.tests.CreateTestGroup" tests="3" skipped="0" failures="0" errors="0" timestamp="2026-02-16T10:47:40.689Z" hostname="RA_GIMADEYEV" time="2.315">
  <properties/>
  <testcase name="testGroupCreate[0](GroupData{id=2147483647, name='test 0', header='header 0', footer='footer 0'})" classname="com.example.TestsAddressbook.tests.CreateTestGroup" time="0.818"/>
  <testcase name="testGroupCreate[1](GroupData{id=2147483647, name='test 1', header='header 1', footer='footer 1'})" classname="com.example.TestsAddressbook.tests.CreateTestGroup" time="0.778"/>
  <testcase name="testGroupCreate[2](GroupData{id=2147483647, name='test 2', header='header 2', footer='footer 2'})" classname="com.example.TestsAddressbook.tests.CreateTestGroup" time="0.717"/>
  <system-out><![CDATA[Начал работать
createGroup
Начал работать
Начал работать
createGroup
Начал работать
Начал работать
createGroup
Начал работать
]]></system-out>
  <system-err><![CDATA[]]></system-err>
</testsuite>
