<?xml version="1.0" encoding="UTF-8"?>
<testsuite name="com.example.TestsAddressbook.tests.ModificationTestGroup" tests="1" skipped="0" failures="0" errors="0" timestamp="2026-02-17T06:43:59.702Z" hostname="RA_GIMADEYEV" time="0.79">
  <properties/>
  <testcase name="testGroupModification" classname="com.example.TestsAddressbook.tests.ModificationTestGroup" time="0.79"/>
  <system-out><![CDATA[Начал работать
Начал работать
Не сработало(
]]></system-out>
  <system-err><![CDATA[]]></system-err>
</testsuite>
