<?xml version="1.0" encoding="UTF-8"?>
<testsuite name="com.example.TestsAddressbook.tests.CreateTestGroup" tests="3" skipped="0" failures="0" errors="0" timestamp="2026-01-22T09:50:58.430Z" hostname="RA_GIMADEYEV" time="3.05">
  <properties/>
  <testcase name="testGroupCreate[0](GroupData{id=2147483647, name='test 0', header='header 0', footer='footer 0'})" classname="com.example.TestsAddressbook.tests.CreateTestGroup" time="1.082"/>
  <testcase name="testGroupCreate[1](GroupData{id=2147483647, name='test 1', header='header 1', footer='footer 1'})" classname="com.example.TestsAddressbook.tests.CreateTestGroup" time="1.063"/>
  <testcase name="testGroupCreate[2](GroupData{id=2147483647, name='test 2', header='header 2', footer='footer 2'})" classname="com.example.TestsAddressbook.tests.CreateTestGroup" time="0.903"/>
  <system-out><![CDATA[Начал работать
Hibernate: 
    select
        groupdata0_.group_id as group_id1_1_,
        groupdata0_.group_footer as group_fo2_1_,
        groupdata0_.group_header as group_he3_1_,
        groupdata0_.group_name as group_na4_1_ 
    from
        group_list groupdata0_ 
    where
        deprecated='0000-00-00 00:00:00'
Все сработало: 

GroupData{id=208, name='test 0', header='header 0', footer='footer 0'}
GroupData{id=216, name='test 5', header='header 5', footer='footer 5'}
GroupData{id=219, name='test 8', header='header 8', footer='footer 8'}
GroupData{id=225, name='test 4', header='header 4', footer='footer 4'}
GroupData{id=226, name='test 5', header='header 5', footer='footer 5'}
GroupData{id=229, name='test 8', header='header 8', footer='footer 8'}
GroupData{id=235, name='test 4', header='header 4', footer='footer 4'}
GroupData{id=236, name='test 5', header='header 5', footer='footer 5'}
GroupData{id=239, name='test 8', header='header 8', footer='footer 8'}
GroupData{id=245, name='test 4', header='header 4', footer='footer 4'}
GroupData{id=249, name='test 8', header='header 8', footer='footer 8'}
GroupData{id=255, name='test 4', header='header 4', footer='footer 4'}
GroupData{id=256, name='test 5', header='header 5', footer='footer 5'}
GroupData{id=257, name='test 6', header='header 6', footer='footer 6'}
GroupData{id=258, name='test 7', header='header 7', footer='footer 7'}
GroupData{id=259, name='test 8', header='header 8', footer='footer 8'}
GroupData{id=260, name='test 9', header='header 9', footer='footer 9'}
GroupData{id=261, name='test 0', header='header 0', footer='footer 0'}
GroupData{id=266, name='test 5', header='header 5', footer='footer 5'}
GroupData{id=269, name='test 8', header='header 8', footer='footer 8'}
GroupData{id=270, name='test 9', header='header 9', footer='footer 9'}
GroupData{id=276, name='test 5', header='header 5', footer='footer 5'}
GroupData{id=280, name='test 9', header='header 9', footer='footer 9'}
GroupData{id=281, name='test 0', header='header 0', footer='footer 0'}
GroupData{id=286, name='test 5', header='header 5', footer='footer 5'}
GroupData{id=289, name='test 8', header='header 8', footer='footer 8'}
GroupData{id=290, name='test 9', header='header 9', footer='footer 9'}
GroupData{id=291, name='test 0', header='header 0', footer='footer 0'}
GroupData{id=295, name='test 0', header='header 0', footer='footer 0'}
GroupData{id=297, name='test 0', header='header 0', footer='footer 0'}
GroupData{id=299, name='test 0', header='header 0', footer='footer 0'}
GroupData{id=305, name='test 5', header='header 5', footer='footer 5'}
GroupData{id=309, name='test 9', header='header 9', footer='footer 9'}
GroupData{id=310, name='test 0', header='header 0', footer='footer 0'}
GroupData{id=313, name='test 0', header='header 0', footer='footer 0'}
GroupData{id=316, name='test 0', header='header 0', footer='footer 0'}
GroupData{id=321, name='test 5', header='header 5', footer='footer 5'}
GroupData{id=322, name='test 6', header='header 6', footer='footer 6'}
GroupData{id=324, name='test 8', header='header 8', footer='footer 8'}
GroupData{id=325, name='test 0', header='header 0', footer='footer 0'}
GroupData{id=326, name='test 0', header='header 0', footer='footer 0'}
GroupData{id=329, name='test 0', header='header 0', footer='footer 0'}
GroupData{id=330, name='test 0', header='header 0', footer='footer 0'}
GroupData{id=333, name='Test1', header='testGroup', footer='TestFooter'}
GroupData{id=336, name='test 0', header='header 0', footer='footer 0'}
GroupData{id=337, name='Test1', header='testGroup', footer='TestFooter'}
GroupData{id=338, name='test 2', header='header 2', footer='footer 2'}
GroupData{id=339, name='test 0', header='header 0', footer='footer 0'}
GroupData{id=340, name='test 1', header='header 1', footer='footer 1'}
GroupData{id=341, name='test 2', header='header 2', footer='footer 2'}
createGroup
Начал работать
Hibernate: 
    select
        groupdata0_.group_id as group_id1_1_,
        groupdata0_.group_footer as group_fo2_1_,
        groupdata0_.group_header as group_he3_1_,
        groupdata0_.group_name as group_na4_1_ 
    from
        group_list groupdata0_ 
    where
        deprecated='0000-00-00 00:00:00'
Все сработало: 

GroupData{id=208, name='test 0', header='header 0', footer='footer 0'}
GroupData{id=216, name='test 5', header='header 5', footer='footer 5'}
GroupData{id=219, name='test 8', header='header 8', footer='footer 8'}
GroupData{id=225, name='test 4', header='header 4', footer='footer 4'}
GroupData{id=226, name='test 5', header='header 5', footer='footer 5'}
GroupData{id=229, name='test 8', header='header 8', footer='footer 8'}
GroupData{id=235, name='test 4', header='header 4', footer='footer 4'}
GroupData{id=236, name='test 5', header='header 5', footer='footer 5'}
GroupData{id=239, name='test 8', header='header 8', footer='footer 8'}
GroupData{id=245, name='test 4', header='header 4', footer='footer 4'}
GroupData{id=249, name='test 8', header='header 8', footer='footer 8'}
GroupData{id=255, name='test 4', header='header 4', footer='footer 4'}
GroupData{id=256, name='test 5', header='header 5', footer='footer 5'}
GroupData{id=257, name='test 6', header='header 6', footer='footer 6'}
GroupData{id=258, name='test 7', header='header 7', footer='footer 7'}
GroupData{id=259, name='test 8', header='header 8', footer='footer 8'}
GroupData{id=260, name='test 9', header='header 9', footer='footer 9'}
GroupData{id=261, name='test 0', header='header 0', footer='footer 0'}
GroupData{id=266, name='test 5', header='header 5', footer='footer 5'}
GroupData{id=269, name='test 8', header='header 8', footer='footer 8'}
GroupData{id=270, name='test 9', header='header 9', footer='footer 9'}
GroupData{id=276, name='test 5', header='header 5', footer='footer 5'}
GroupData{id=280, name='test 9', header='header 9', footer='footer 9'}
GroupData{id=281, name='test 0', header='header 0', footer='footer 0'}
GroupData{id=286, name='test 5', header='header 5', footer='footer 5'}
GroupData{id=289, name='test 8', header='header 8', footer='footer 8'}
GroupData{id=290, name='test 9', header='header 9', footer='footer 9'}
GroupData{id=291, name='test 0', header='header 0', footer='footer 0'}
GroupData{id=295, name='test 0', header='header 0', footer='footer 0'}
GroupData{id=297, name='test 0', header='header 0', footer='footer 0'}
GroupData{id=299, name='test 0', header='header 0', footer='footer 0'}
GroupData{id=305, name='test 5', header='header 5', footer='footer 5'}
GroupData{id=309, name='test 9', header='header 9', footer='footer 9'}
GroupData{id=310, name='test 0', header='header 0', footer='footer 0'}
GroupData{id=313, name='test 0', header='header 0', footer='footer 0'}
GroupData{id=316, name='test 0', header='header 0', footer='footer 0'}
GroupData{id=321, name='test 5', header='header 5', footer='footer 5'}
GroupData{id=322, name='test 6', header='header 6', footer='footer 6'}
GroupData{id=324, name='test 8', header='header 8', footer='footer 8'}
GroupData{id=325, name='test 0', header='header 0', footer='footer 0'}
GroupData{id=326, name='test 0', header='header 0', footer='footer 0'}
GroupData{id=329, name='test 0', header='header 0', footer='footer 0'}
GroupData{id=330, name='test 0', header='header 0', footer='footer 0'}
GroupData{id=333, name='Test1', header='testGroup', footer='TestFooter'}
GroupData{id=336, name='test 0', header='header 0', footer='footer 0'}
GroupData{id=337, name='Test1', header='testGroup', footer='TestFooter'}
GroupData{id=338, name='test 2', header='header 2', footer='footer 2'}
GroupData{id=339, name='test 0', header='header 0', footer='footer 0'}
GroupData{id=340, name='test 1', header='header 1', footer='footer 1'}
GroupData{id=341, name='test 2', header='header 2', footer='footer 2'}
GroupData{id=342, name='test 0', header='header 0', footer='footer 0'}
Начал работать
Hibernate: 
    select
        groupdata0_.group_id as group_id1_1_,
        groupdata0_.group_footer as group_fo2_1_,
        groupdata0_.group_header as group_he3_1_,
        groupdata0_.group_name as group_na4_1_ 
    from
        group_list groupdata0_ 
    where
        deprecated='0000-00-00 00:00:00'
Все сработало: 

GroupData{id=208, name='test 0', header='header 0', footer='footer 0'}
GroupData{id=216, name='test 5', header='header 5', footer='footer 5'}
GroupData{id=219, name='test 8', header='header 8', footer='footer 8'}
GroupData{id=225, name='test 4', header='header 4', footer='footer 4'}
GroupData{id=226, name='test 5', header='header 5', footer='footer 5'}
GroupData{id=229, name='test 8', header='header 8', footer='footer 8'}
GroupData{id=235, name='test 4', header='header 4', footer='footer 4'}
GroupData{id=236, name='test 5', header='header 5', footer='footer 5'}
GroupData{id=239, name='test 8', header='header 8', footer='footer 8'}
GroupData{id=245, name='test 4', header='header 4', footer='footer 4'}
GroupData{id=249, name='test 8', header='header 8', footer='footer 8'}
GroupData{id=255, name='test 4', header='header 4', footer='footer 4'}
GroupData{id=256, name='test 5', header='header 5', footer='footer 5'}
GroupData{id=257, name='test 6', header='header 6', footer='footer 6'}
GroupData{id=258, name='test 7', header='header 7', footer='footer 7'}
GroupData{id=259, name='test 8', header='header 8', footer='footer 8'}
GroupData{id=260, name='test 9', header='header 9', footer='footer 9'}
GroupData{id=261, name='test 0', header='header 0', footer='footer 0'}
GroupData{id=266, name='test 5', header='header 5', footer='footer 5'}
GroupData{id=269, name='test 8', header='header 8', footer='footer 8'}
GroupData{id=270, name='test 9', header='header 9', footer='footer 9'}
GroupData{id=276, name='test 5', header='header 5', footer='footer 5'}
GroupData{id=280, name='test 9', header='header 9', footer='footer 9'}
GroupData{id=281, name='test 0', header='header 0', footer='footer 0'}
GroupData{id=286, name='test 5', header='header 5', footer='footer 5'}
GroupData{id=289, name='test 8', header='header 8', footer='footer 8'}
GroupData{id=290, name='test 9', header='header 9', footer='footer 9'}
GroupData{id=291, name='test 0', header='header 0', footer='footer 0'}
GroupData{id=295, name='test 0', header='header 0', footer='footer 0'}
GroupData{id=297, name='test 0', header='header 0', footer='footer 0'}
GroupData{id=299, name='test 0', header='header 0', footer='footer 0'}
GroupData{id=305, name='test 5', header='header 5', footer='footer 5'}
GroupData{id=309, name='test 9', header='header 9', footer='footer 9'}
GroupData{id=310, name='test 0', header='header 0', footer='footer 0'}
GroupData{id=313, name='test 0', header='header 0', footer='footer 0'}
GroupData{id=316, name='test 0', header='header 0', footer='footer 0'}
GroupData{id=321, name='test 5', header='header 5', footer='footer 5'}
GroupData{id=322, name='test 6', header='header 6', footer='footer 6'}
GroupData{id=324, name='test 8', header='header 8', footer='footer 8'}
GroupData{id=325, name='test 0', header='header 0', footer='footer 0'}
GroupData{id=326, name='test 0', header='header 0', footer='footer 0'}
GroupData{id=329, name='test 0', header='header 0', footer='footer 0'}
GroupData{id=330, name='test 0', header='header 0', footer='footer 0'}
GroupData{id=333, name='Test1', header='testGroup', footer='TestFooter'}
GroupData{id=336, name='test 0', header='header 0', footer='footer 0'}
GroupData{id=337, name='Test1', header='testGroup', footer='TestFooter'}
GroupData{id=338, name='test 2', header='header 2', footer='footer 2'}
GroupData{id=339, name='test 0', header='header 0', footer='footer 0'}
GroupData{id=340, name='test 1', header='header 1', footer='footer 1'}
GroupData{id=341, name='test 2', header='header 2', footer='footer 2'}
GroupData{id=342, name='test 0', header='header 0', footer='footer 0'}
createGroup
Начал работать
Hibernate: 
    select
        groupdata0_.group_id as group_id1_1_,
        groupdata0_.group_footer as group_fo2_1_,
        groupdata0_.group_header as group_he3_1_,
        groupdata0_.group_name as group_na4_1_ 
    from
        group_list groupdata0_ 
    where
        deprecated='0000-00-00 00:00:00'
Все сработало: 

GroupData{id=208, name='test 0', header='header 0', footer='footer 0'}
GroupData{id=216, name='test 5', header='header 5', footer='footer 5'}
GroupData{id=219, name='test 8', header='header 8', footer='footer 8'}
GroupData{id=225, name='test 4', header='header 4', footer='footer 4'}
GroupData{id=226, name='test 5', header='header 5', footer='footer 5'}
GroupData{id=229, name='test 8', header='header 8', footer='footer 8'}
GroupData{id=235, name='test 4', header='header 4', footer='footer 4'}
GroupData{id=236, name='test 5', header='header 5', footer='footer 5'}
GroupData{id=239, name='test 8', header='header 8', footer='footer 8'}
GroupData{id=245, name='test 4', header='header 4', footer='footer 4'}
GroupData{id=249, name='test 8', header='header 8', footer='footer 8'}
GroupData{id=255, name='test 4', header='header 4', footer='footer 4'}
GroupData{id=256, name='test 5', header='header 5', footer='footer 5'}
GroupData{id=257, name='test 6', header='header 6', footer='footer 6'}
GroupData{id=258, name='test 7', header='header 7', footer='footer 7'}
GroupData{id=259, name='test 8', header='header 8', footer='footer 8'}
GroupData{id=260, name='test 9', header='header 9', footer='footer 9'}
GroupData{id=261, name='test 0', header='header 0', footer='footer 0'}
GroupData{id=266, name='test 5', header='header 5', footer='footer 5'}
GroupData{id=269, name='test 8', header='header 8', footer='footer 8'}
GroupData{id=270, name='test 9', header='header 9', footer='footer 9'}
GroupData{id=276, name='test 5', header='header 5', footer='footer 5'}
GroupData{id=280, name='test 9', header='header 9', footer='footer 9'}
GroupData{id=281, name='test 0', header='header 0', footer='footer 0'}
GroupData{id=286, name='test 5', header='header 5', footer='footer 5'}
GroupData{id=289, name='test 8', header='header 8', footer='footer 8'}
GroupData{id=290, name='test 9', header='header 9', footer='footer 9'}
GroupData{id=291, name='test 0', header='header 0', footer='footer 0'}
GroupData{id=295, name='test 0', header='header 0', footer='footer 0'}
GroupData{id=297, name='test 0', header='header 0', footer='footer 0'}
GroupData{id=299, name='test 0', header='header 0', footer='footer 0'}
GroupData{id=305, name='test 5', header='header 5', footer='footer 5'}
GroupData{id=309, name='test 9', header='header 9', footer='footer 9'}
GroupData{id=310, name='test 0', header='header 0', footer='footer 0'}
GroupData{id=313, name='test 0', header='header 0', footer='footer 0'}
GroupData{id=316, name='test 0', header='header 0', footer='footer 0'}
GroupData{id=321, name='test 5', header='header 5', footer='footer 5'}
GroupData{id=322, name='test 6', header='header 6', footer='footer 6'}
GroupData{id=324, name='test 8', header='header 8', footer='footer 8'}
GroupData{id=325, name='test 0', header='header 0', footer='footer 0'}
GroupData{id=326, name='test 0', header='header 0', footer='footer 0'}
GroupData{id=329, name='test 0', header='header 0', footer='footer 0'}
GroupData{id=330, name='test 0', header='header 0', footer='footer 0'}
GroupData{id=333, name='Test1', header='testGroup', footer='TestFooter'}
GroupData{id=336, name='test 0', header='header 0', footer='footer 0'}
GroupData{id=337, name='Test1', header='testGroup', footer='TestFooter'}
GroupData{id=338, name='test 2', header='header 2', footer='footer 2'}
GroupData{id=339, name='test 0', header='header 0', footer='footer 0'}
GroupData{id=340, name='test 1', header='header 1', footer='footer 1'}
GroupData{id=341, name='test 2', header='header 2', footer='footer 2'}
GroupData{id=342, name='test 0', header='header 0', footer='footer 0'}
GroupData{id=343, name='test 1', header='header 1', footer='footer 1'}
Начал работать
Hibernate: 
    select
        groupdata0_.group_id as group_id1_1_,
        groupdata0_.group_footer as group_fo2_1_,
        groupdata0_.group_header as group_he3_1_,
        groupdata0_.group_name as group_na4_1_ 
    from
        group_list groupdata0_ 
    where
        deprecated='0000-00-00 00:00:00'
Все сработало: 

GroupData{id=208, name='test 0', header='header 0', footer='footer 0'}
GroupData{id=216, name='test 5', header='header 5', footer='footer 5'}
GroupData{id=219, name='test 8', header='header 8', footer='footer 8'}
GroupData{id=225, name='test 4', header='header 4', footer='footer 4'}
GroupData{id=226, name='test 5', header='header 5', footer='footer 5'}
GroupData{id=229, name='test 8', header='header 8', footer='footer 8'}
GroupData{id=235, name='test 4', header='header 4', footer='footer 4'}
GroupData{id=236, name='test 5', header='header 5', footer='footer 5'}
GroupData{id=239, name='test 8', header='header 8', footer='footer 8'}
GroupData{id=245, name='test 4', header='header 4', footer='footer 4'}
GroupData{id=249, name='test 8', header='header 8', footer='footer 8'}
GroupData{id=255, name='test 4', header='header 4', footer='footer 4'}
GroupData{id=256, name='test 5', header='header 5', footer='footer 5'}
GroupData{id=257, name='test 6', header='header 6', footer='footer 6'}
GroupData{id=258, name='test 7', header='header 7', footer='footer 7'}
GroupData{id=259, name='test 8', header='header 8', footer='footer 8'}
GroupData{id=260, name='test 9', header='header 9', footer='footer 9'}
GroupData{id=261, name='test 0', header='header 0', footer='footer 0'}
GroupData{id=266, name='test 5', header='header 5', footer='footer 5'}
GroupData{id=269, name='test 8', header='header 8', footer='footer 8'}
GroupData{id=270, name='test 9', header='header 9', footer='footer 9'}
GroupData{id=276, name='test 5', header='header 5', footer='footer 5'}
GroupData{id=280, name='test 9', header='header 9', footer='footer 9'}
GroupData{id=281, name='test 0', header='header 0', footer='footer 0'}
GroupData{id=286, name='test 5', header='header 5', footer='footer 5'}
GroupData{id=289, name='test 8', header='header 8', footer='footer 8'}
GroupData{id=290, name='test 9', header='header 9', footer='footer 9'}
GroupData{id=291, name='test 0', header='header 0', footer='footer 0'}
GroupData{id=295, name='test 0', header='header 0', footer='footer 0'}
GroupData{id=297, name='test 0', header='header 0', footer='footer 0'}
GroupData{id=299, name='test 0', header='header 0', footer='footer 0'}
GroupData{id=305, name='test 5', header='header 5', footer='footer 5'}
GroupData{id=309, name='test 9', header='header 9', footer='footer 9'}
GroupData{id=310, name='test 0', header='header 0', footer='footer 0'}
GroupData{id=313, name='test 0', header='header 0', footer='footer 0'}
GroupData{id=316, name='test 0', header='header 0', footer='footer 0'}
GroupData{id=321, name='test 5', header='header 5', footer='footer 5'}
GroupData{id=322, name='test 6', header='header 6', footer='footer 6'}
GroupData{id=324, name='test 8', header='header 8', footer='footer 8'}
GroupData{id=325, name='test 0', header='header 0', footer='footer 0'}
GroupData{id=326, name='test 0', header='header 0', footer='footer 0'}
GroupData{id=329, name='test 0', header='header 0', footer='footer 0'}
GroupData{id=330, name='test 0', header='header 0', footer='footer 0'}
GroupData{id=333, name='Test1', header='testGroup', footer='TestFooter'}
GroupData{id=336, name='test 0', header='header 0', footer='footer 0'}
GroupData{id=337, name='Test1', header='testGroup', footer='TestFooter'}
GroupData{id=338, name='test 2', header='header 2', footer='footer 2'}
GroupData{id=339, name='test 0', header='header 0', footer='footer 0'}
GroupData{id=340, name='test 1', header='header 1', footer='footer 1'}
GroupData{id=341, name='test 2', header='header 2', footer='footer 2'}
GroupData{id=342, name='test 0', header='header 0', footer='footer 0'}
GroupData{id=343, name='test 1', header='header 1', footer='footer 1'}
createGroup
Начал работать
Hibernate: 
    select
        groupdata0_.group_id as group_id1_1_,
        groupdata0_.group_footer as group_fo2_1_,
        groupdata0_.group_header as group_he3_1_,
        groupdata0_.group_name as group_na4_1_ 
    from
        group_list groupdata0_ 
    where
        deprecated='0000-00-00 00:00:00'
Все сработало: 

GroupData{id=208, name='test 0', header='header 0', footer='footer 0'}
GroupData{id=216, name='test 5', header='header 5', footer='footer 5'}
GroupData{id=219, name='test 8', header='header 8', footer='footer 8'}
GroupData{id=225, name='test 4', header='header 4', footer='footer 4'}
GroupData{id=226, name='test 5', header='header 5', footer='footer 5'}
GroupData{id=229, name='test 8', header='header 8', footer='footer 8'}
GroupData{id=235, name='test 4', header='header 4', footer='footer 4'}
GroupData{id=236, name='test 5', header='header 5', footer='footer 5'}
GroupData{id=239, name='test 8', header='header 8', footer='footer 8'}
GroupData{id=245, name='test 4', header='header 4', footer='footer 4'}
GroupData{id=249, name='test 8', header='header 8', footer='footer 8'}
GroupData{id=255, name='test 4', header='header 4', footer='footer 4'}
GroupData{id=256, name='test 5', header='header 5', footer='footer 5'}
GroupData{id=257, name='test 6', header='header 6', footer='footer 6'}
GroupData{id=258, name='test 7', header='header 7', footer='footer 7'}
GroupData{id=259, name='test 8', header='header 8', footer='footer 8'}
GroupData{id=260, name='test 9', header='header 9', footer='footer 9'}
GroupData{id=261, name='test 0', header='header 0', footer='footer 0'}
GroupData{id=266, name='test 5', header='header 5', footer='footer 5'}
GroupData{id=269, name='test 8', header='header 8', footer='footer 8'}
GroupData{id=270, name='test 9', header='header 9', footer='footer 9'}
GroupData{id=276, name='test 5', header='header 5', footer='footer 5'}
GroupData{id=280, name='test 9', header='header 9', footer='footer 9'}
GroupData{id=281, name='test 0', header='header 0', footer='footer 0'}
GroupData{id=286, name='test 5', header='header 5', footer='footer 5'}
GroupData{id=289, name='test 8', header='header 8', footer='footer 8'}
GroupData{id=290, name='test 9', header='header 9', footer='footer 9'}
GroupData{id=291, name='test 0', header='header 0', footer='footer 0'}
GroupData{id=295, name='test 0', header='header 0', footer='footer 0'}
GroupData{id=297, name='test 0', header='header 0', footer='footer 0'}
GroupData{id=299, name='test 0', header='header 0', footer='footer 0'}
GroupData{id=305, name='test 5', header='header 5', footer='footer 5'}
GroupData{id=309, name='test 9', header='header 9', footer='footer 9'}
GroupData{id=310, name='test 0', header='header 0', footer='footer 0'}
GroupData{id=313, name='test 0', header='header 0', footer='footer 0'}
GroupData{id=316, name='test 0', header='header 0', footer='footer 0'}
GroupData{id=321, name='test 5', header='header 5', footer='footer 5'}
GroupData{id=322, name='test 6', header='header 6', footer='footer 6'}
GroupData{id=324, name='test 8', header='header 8', footer='footer 8'}
GroupData{id=325, name='test 0', header='header 0', footer='footer 0'}
GroupData{id=326, name='test 0', header='header 0', footer='footer 0'}
GroupData{id=329, name='test 0', header='header 0', footer='footer 0'}
GroupData{id=330, name='test 0', header='header 0', footer='footer 0'}
GroupData{id=333, name='Test1', header='testGroup', footer='TestFooter'}
GroupData{id=336, name='test 0', header='header 0', footer='footer 0'}
GroupData{id=337, name='Test1', header='testGroup', footer='TestFooter'}
GroupData{id=338, name='test 2', header='header 2', footer='footer 2'}
GroupData{id=339, name='test 0', header='header 0', footer='footer 0'}
GroupData{id=340, name='test 1', header='header 1', footer='footer 1'}
GroupData{id=341, name='test 2', header='header 2', footer='footer 2'}
GroupData{id=342, name='test 0', header='header 0', footer='footer 0'}
GroupData{id=343, name='test 1', header='header 1', footer='footer 1'}
GroupData{id=344, name='test 2', header='header 2', footer='footer 2'}
]]></system-out>
  <system-err><![CDATA[]]></system-err>
</testsuite>
